c:\touchgfxprojects\kraftheinz_ds3600\touchgfx\build\debug\obj\ssi_cmd_sim.obj
c:\touchgfxprojects\kraftheinz_ds3600\touchgfx\build\debug\obj\decodedatahandler_sim.obj
c:\touchgfxprojects\kraftheinz_ds3600\touchgfx\build\debug\obj\customapicallback_sim.obj
c:\touchgfxprojects\kraftheinz_ds3600\touchgfx\build\debug\obj\blctrl_sim.obj
c:\touchgfxprojects\kraftheinz_ds3600\touchgfx\build\debug\obj\strfilter_sim.obj
c:\touchgfxprojects\kraftheinz_ds3600\touchgfx\build\debug\obj\canopyauto_usercfg.obj
c:\touchgfxprojects\kraftheinz_ds3600\touchgfx\build\debug\obj\ili9342c_sim.obj
c:\touchgfxprojects\kraftheinz_ds3600\touchgfx\build\debug\obj\keypad_sim.obj
c:\touchgfxprojects\kraftheinz_ds3600\touchgfx\build\debug\obj\user_cfg_sim.obj
c:\touchgfxprojects\kraftheinz_ds3600\touchgfx\build\debug\obj\menuhandler_sim.obj
c:\touchgfxprojects\kraftheinz_ds3600\touchgfx\build\debug\obj\halsdl2_icon.obj
c:\touchgfxprojects\kraftheinz_ds3600\touchgfx\build\debug\obj\barcodefield_matchbase.obj
c:\touchgfxprojects\kraftheinz_ds3600\touchgfx\build\debug\obj\configparam.obj
c:\touchgfxprojects\kraftheinz_ds3600\touchgfx\build\debug\obj\fnkeydefinitions2.obj
c:\touchgfxprojects\kraftheinz_ds3600\touchgfx\build\debug\obj\inventtoastent.obj
c:\touchgfxprojects\kraftheinz_ds3600\touchgfx\build\debug\obj\keypadhandlersim.obj
c:\touchgfxprojects\kraftheinz_ds3600\touchgfx\build\debug\obj\locationfield_loc.obj
c:\touchgfxprojects\kraftheinz_ds3600\touchgfx\build\debug\obj\menuitem.obj
c:\touchgfxprojects\kraftheinz_ds3600\touchgfx\build\debug\obj\numberfieldbase.obj
c:\touchgfxprojects\kraftheinz_ds3600\touchgfx\build\debug\obj\sncfgappsubmenupresenter.obj
c:\touchgfxprojects\kraftheinz_ds3600\touchgfx\build\debug\obj\sncfgcharparamviewbase.obj
c:\touchgfxprojects\kraftheinz_ds3600\touchgfx\build\debug\obj\sncfgradioparamviewbase.obj
c:\touchgfxprojects\kraftheinz_ds3600\touchgfx\build\debug\obj\snhomemenupresenter.obj
c:\touchgfxprojects\kraftheinz_ds3600\touchgfx\build\debug\obj\snoutinmatchviewbase.obj
c:\touchgfxprojects\kraftheinz_ds3600\touchgfx\build\debug\obj\snscanandentqtyview.obj
c:\touchgfxprojects\kraftheinz_ds3600\touchgfx\build\debug\obj\snsplashpresenter.obj
c:\touchgfxprojects\kraftheinz_ds3600\touchgfx\build\debug\obj\texttoast_2blod.obj
c:\touchgfxprojects\kraftheinz_ds3600\touchgfx\build\debug\obj\wildcardedentqtytoutfieldbase.obj
c:\touchgfxprojects\kraftheinz_ds3600\touchgfx\build\debug\obj\khmainscreenviewbase.obj
c:\touchgfxprojects\kraftheinz_ds3600\touchgfx\build\debug\obj\kherrorbase.obj
c:\touchgfxprojects\kraftheinz_ds3600\touchgfx\build\debug\obj\khmenubase.obj
c:\touchgfxprojects\kraftheinz_ds3600\touchgfx\build\debug\obj\khsenddatabase.obj
c:\touchgfxprojects\kraftheinz_ds3600\touchgfx\build\debug\obj\halsdl2.obj
c:\touchgfxprojects\kraftheinz_ds3600\touchgfx\build\debug\obj\bluetoothpopupbase.obj
c:\touchgfxprojects\kraftheinz_ds3600\touchgfx\build\debug\obj\entqtytoutfield.obj
c:\touchgfxprojects\kraftheinz_ds3600\touchgfx\build\debug\obj\frontendapplicationbase.obj
c:\touchgfxprojects\kraftheinz_ds3600\touchgfx\build\debug\obj\invtlistfield_locbase.obj
c:\touchgfxprojects\kraftheinz_ds3600\touchgfx\build\debug\obj\matchlisttitle.obj
c:\touchgfxprojects\kraftheinz_ds3600\touchgfx\build\debug\obj\numberfield_match.obj
c:\touchgfxprojects\kraftheinz_ds3600\touchgfx\build\debug\obj\snbarcodeprogresspresenter.obj
c:\touchgfxprojects\kraftheinz_ds3600\touchgfx\build\debug\obj\sncfgboolparamviewbase.obj
c:\touchgfxprojects\kraftheinz_ds3600\touchgfx\build\debug\obj\sncfgnumericparamview.obj
c:\touchgfxprojects\kraftheinz_ds3600\touchgfx\build\debug\obj\snfnkeyassignview.obj
c:\touchgfxprojects\kraftheinz_ds3600\touchgfx\build\debug\obj\snoutinmatchpresenter.obj
c:\touchgfxprojects\kraftheinz_ds3600\touchgfx\build\debug\obj\snscanandentqty_dviewbase.obj
c:\touchgfxprojects\kraftheinz_ds3600\touchgfx\build\debug\obj\snscreensaverview.obj
c:\touchgfxprojects\kraftheinz_ds3600\touchgfx\build\debug\obj\successcue.obj
c:\touchgfxprojects\kraftheinz_ds3600\touchgfx\build\debug\obj\wildcardedcharentryfield.obj
c:\touchgfxprojects\kraftheinz_ds3600\touchgfx\build\debug\obj\zebraapplication.obj
c:\touchgfxprojects\kraftheinz_ds3600\touchgfx\build\debug\obj\khbottombar.obj
c:\touchgfxprojects\kraftheinz_ds3600\touchgfx\build\debug\obj\khenteroperator.obj
c:\touchgfxprojects\kraftheinz_ds3600\touchgfx\build\debug\obj\khlistrecordcontainer.obj
c:\touchgfxprojects\kraftheinz_ds3600\touchgfx\build\debug\obj\sdl2touchcontroller.obj
c:\touchgfxprojects\kraftheinz_ds3600\touchgfx\build\debug\obj\barcodefield_match.obj
c:\touchgfxprojects\kraftheinz_ds3600\touchgfx\build\debug\obj\cfgmenutoastbase.obj
c:\touchgfxprojects\kraftheinz_ds3600\touchgfx\build\debug\obj\fnkeydefinitions1.obj
c:\touchgfxprojects\kraftheinz_ds3600\touchgfx\build\debug\obj\inventtoastbase.obj
c:\touchgfxprojects\kraftheinz_ds3600\touchgfx\build\debug\obj\invtlistfieldbase.obj
c:\touchgfxprojects\kraftheinz_ds3600\touchgfx\build\debug\obj\matchlisttitlebase.obj
c:\touchgfxprojects\kraftheinz_ds3600\touchgfx\build\debug\obj\numberfield_matchbase.obj
c:\touchgfxprojects\kraftheinz_ds3600\touchgfx\build\debug\obj\snbarcodeprogressviewbase.obj
c:\touchgfxprojects\kraftheinz_ds3600\touchgfx\build\debug\obj\sncfgcharparamview.obj
c:\touchgfxprojects\kraftheinz_ds3600\touchgfx\build\debug\obj\sncfgradioparampresenter.obj
c:\touchgfxprojects\kraftheinz_ds3600\touchgfx\build\debug\obj\snfnkeyassignviewbase.obj
c:\touchgfxprojects\kraftheinz_ds3600\touchgfx\build\debug\obj\snoutinmatchview.obj
c:\touchgfxprojects\kraftheinz_ds3600\touchgfx\build\debug\obj\snscanandentqtypresenter.obj
c:\touchgfxprojects\kraftheinz_ds3600\touchgfx\build\debug\obj\snscreensaverviewbase.obj
c:\touchgfxprojects\kraftheinz_ds3600\touchgfx\build\debug\obj\texttoast.obj
c:\touchgfxprojects\kraftheinz_ds3600\touchgfx\build\debug\obj\wildcardedentqtytoutfield.obj
c:\touchgfxprojects\kraftheinz_ds3600\touchgfx\build\debug\obj\khmainscreenview.obj
c:\touchgfxprojects\kraftheinz_ds3600\touchgfx\build\debug\obj\khsuccess.obj
c:\touchgfxprojects\kraftheinz_ds3600\touchgfx\build\debug\obj\khviewdata.obj
c:\touchgfxprojects\kraftheinz_ds3600\touchgfx\build\debug\obj\khsplashscreen.obj
c:\touchgfxprojects\kraftheinz_ds3600\touchgfx\build\debug\obj\main.obj
c:\touchgfxprojects\kraftheinz_ds3600\touchgfx\build\debug\obj\btnbackbase.obj
c:\touchgfxprojects\kraftheinz_ds3600\touchgfx\build\debug\obj\entstrfield.obj
c:\touchgfxprojects\kraftheinz_ds3600\touchgfx\build\debug\obj\imagefocusbase.obj
c:\touchgfxprojects\kraftheinz_ds3600\touchgfx\build\debug\obj\inventtoastfullbase.obj
c:\touchgfxprojects\kraftheinz_ds3600\touchgfx\build\debug\obj\matchfieldbase.obj
c:\touchgfxprojects\kraftheinz_ds3600\touchgfx\build\debug\obj\numberfield.obj
c:\touchgfxprojects\kraftheinz_ds3600\touchgfx\build\debug\obj\radiobtnbase.obj
c:\touchgfxprojects\kraftheinz_ds3600\touchgfx\build\debug\obj\sncfgappsubmenuviewbase.obj
c:\touchgfxprojects\kraftheinz_ds3600\touchgfx\build\debug\obj\sncfgmenuview.obj
c:\touchgfxprojects\kraftheinz_ds3600\touchgfx\build\debug\obj\sncfgstringparamview.obj
c:\touchgfxprojects\kraftheinz_ds3600\touchgfx\build\debug\obj\snimageviewview.obj
c:\touchgfxprojects\kraftheinz_ds3600\touchgfx\build\debug\obj\snscanandentqty_dpresenter.obj
c:\touchgfxprojects\kraftheinz_ds3600\touchgfx\build\debug\obj\snscaninventoryviewbase.obj
c:\touchgfxprojects\kraftheinz_ds3600\touchgfx\build\debug\obj\statusbarbase.obj
c:\touchgfxprojects\kraftheinz_ds3600\touchgfx\build\debug\obj\unexpectfieldbase.obj
c:\touchgfxprojects\kraftheinz_ds3600\touchgfx\build\debug\obj\wildcardedradiobtnbase.obj
c:\touchgfxprojects\kraftheinz_ds3600\touchgfx\build\debug\obj\khverifybarcodebase.obj
c:\touchgfxprojects\kraftheinz_ds3600\touchgfx\build\debug\obj\kherrorreasonbase.obj
c:\touchgfxprojects\kraftheinz_ds3600\touchgfx\build\debug\obj\khlistitemcontainerbase.obj
c:\touchgfxprojects\kraftheinz_ds3600\touchgfx\build\debug\obj\oswrappers.obj
c:\touchgfxprojects\kraftheinz_ds3600\touchgfx\build\debug\obj\barcodefield_locbase.obj
c:\touchgfxprojects\kraftheinz_ds3600\touchgfx\build\debug\obj\btnback.obj
c:\touchgfxprojects\kraftheinz_ds3600\touchgfx\build\debug\obj\entqtytoutfieldbase.obj
c:\touchgfxprojects\kraftheinz_ds3600\touchgfx\build\debug\obj\imagefocus.obj
c:\touchgfxprojects\kraftheinz_ds3600\touchgfx\build\debug\obj\inventtoastfull.obj
c:\touchgfxprojects\kraftheinz_ds3600\touchgfx\build\debug\obj\matchfield.obj
c:\touchgfxprojects\kraftheinz_ds3600\touchgfx\build\debug\obj\model.obj
c:\touchgfxprojects\kraftheinz_ds3600\touchgfx\build\debug\obj\snbarcodeprogressview.obj
c:\touchgfxprojects\kraftheinz_ds3600\touchgfx\build\debug\obj\sncfgcharparampresenter.obj
c:\touchgfxprojects\kraftheinz_ds3600\touchgfx\build\debug\obj\sncfgnumericparamviewbase.obj
c:\touchgfxprojects\kraftheinz_ds3600\touchgfx\build\debug\obj\snfnkeyassignpresenter.obj
c:\touchgfxprojects\kraftheinz_ds3600\touchgfx\build\debug\obj\snimageviewviewbase.obj
c:\touchgfxprojects\kraftheinz_ds3600\touchgfx\build\debug\obj\snscanandentqty_dview.obj
c:\touchgfxprojects\kraftheinz_ds3600\touchgfx\build\debug\obj\snscreensaverpresenter.obj
c:\touchgfxprojects\kraftheinz_ds3600\touchgfx\build\debug\obj\statusbar.obj
c:\touchgfxprojects\kraftheinz_ds3600\touchgfx\build\debug\obj\unexpectfield.obj
c:\touchgfxprojects\kraftheinz_ds3600\touchgfx\build\debug\obj\wildcardedradiobtn.obj
c:\touchgfxprojects\kraftheinz_ds3600\touchgfx\build\debug\obj\khverifybarcode.obj
c:\touchgfxprojects\kraftheinz_ds3600\touchgfx\build\debug\obj\kherrorreason.obj
c:\touchgfxprojects\kraftheinz_ds3600\touchgfx\build\debug\obj\khlistitemcontainer.obj
c:\touchgfxprojects\kraftheinz_ds3600\touchgfx\build\debug\obj\barcodefield.obj
c:\touchgfxprojects\kraftheinz_ds3600\touchgfx\build\debug\obj\bluetoothpopup.obj
c:\touchgfxprojects\kraftheinz_ds3600\touchgfx\build\debug\obj\entdelimiterfieldbase.obj
c:\touchgfxprojects\kraftheinz_ds3600\touchgfx\build\debug\obj\fnkeydefinitions3.obj
c:\touchgfxprojects\kraftheinz_ds3600\touchgfx\build\debug\obj\inventtoastentbase.obj
c:\touchgfxprojects\kraftheinz_ds3600\touchgfx\build\debug\obj\locationfield_locbase.obj
c:\touchgfxprojects\kraftheinz_ds3600\touchgfx\build\debug\obj\menuitembase.obj
c:\touchgfxprojects\kraftheinz_ds3600\touchgfx\build\debug\obj\radiobtn.obj
c:\touchgfxprojects\kraftheinz_ds3600\touchgfx\build\debug\obj\sncfgappsubmenuview.obj
c:\touchgfxprojects\kraftheinz_ds3600\touchgfx\build\debug\obj\sncfgmenupresenter.obj
c:\touchgfxprojects\kraftheinz_ds3600\touchgfx\build\debug\obj\sncfgradioparamview.obj
c:\touchgfxprojects\kraftheinz_ds3600\touchgfx\build\debug\obj\snhomemenuview.obj
c:\touchgfxprojects\kraftheinz_ds3600\touchgfx\build\debug\obj\snscanandentlocpresenter.obj
c:\touchgfxprojects\kraftheinz_ds3600\touchgfx\build\debug\obj\snscanandentqtyviewbase.obj
c:\touchgfxprojects\kraftheinz_ds3600\touchgfx\build\debug\obj\snsplashview.obj
c:\touchgfxprojects\kraftheinz_ds3600\touchgfx\build\debug\obj\texttoast_2blodbase.obj
c:\touchgfxprojects\kraftheinz_ds3600\touchgfx\build\debug\obj\wildcardedmenuitem.obj
c:\touchgfxprojects\kraftheinz_ds3600\touchgfx\build\debug\obj\khlearnbarcode.obj
c:\touchgfxprojects\kraftheinz_ds3600\touchgfx\build\debug\obj\kherror.obj
c:\touchgfxprojects\kraftheinz_ds3600\touchgfx\build\debug\obj\khmenu.obj
c:\touchgfxprojects\kraftheinz_ds3600\touchgfx\build\debug\obj\khsenddata.obj
c:\touchgfxprojects\kraftheinz_ds3600\touchgfx\build\debug\obj\mainbase.obj
c:\touchgfxprojects\kraftheinz_ds3600\touchgfx\build\debug\obj\cfgmenutoast.obj
c:\touchgfxprojects\kraftheinz_ds3600\touchgfx\build\debug\obj\entstrfieldbase.obj
c:\touchgfxprojects\kraftheinz_ds3600\touchgfx\build\debug\obj\inventtoast.obj
c:\touchgfxprojects\kraftheinz_ds3600\touchgfx\build\debug\obj\invtlistfield_loc.obj
c:\touchgfxprojects\kraftheinz_ds3600\touchgfx\build\debug\obj\matchlistfieldbase.obj
c:\touchgfxprojects\kraftheinz_ds3600\touchgfx\build\debug\obj\numberfield_locbase.obj
c:\touchgfxprojects\kraftheinz_ds3600\touchgfx\build\debug\obj\snbackgnd.obj
c:\touchgfxprojects\kraftheinz_ds3600\touchgfx\build\debug\obj\sncfgboolparamview.obj
c:\touchgfxprojects\kraftheinz_ds3600\touchgfx\build\debug\obj\sncfgnumericparampresenter.obj
c:\touchgfxprojects\kraftheinz_ds3600\touchgfx\build\debug\obj\sncfgstringparamviewbase.obj
c:\touchgfxprojects\kraftheinz_ds3600\touchgfx\build\debug\obj\snimageviewpresenter.obj
c:\touchgfxprojects\kraftheinz_ds3600\touchgfx\build\debug\obj\snscanandentlocviewbase.obj
c:\touchgfxprojects\kraftheinz_ds3600\touchgfx\build\debug\obj\snscaninventoryview.obj
c:\touchgfxprojects\kraftheinz_ds3600\touchgfx\build\debug\obj\successcuebase.obj
c:\touchgfxprojects\kraftheinz_ds3600\touchgfx\build\debug\obj\wildcardedcharentryfieldbase.obj
c:\touchgfxprojects\kraftheinz_ds3600\touchgfx\build\debug\obj\khmainscreenpresenter.obj
c:\touchgfxprojects\kraftheinz_ds3600\touchgfx\build\debug\obj\khbottombarbase.obj
c:\touchgfxprojects\kraftheinz_ds3600\touchgfx\build\debug\obj\khenteroperatorbase.obj
c:\touchgfxprojects\kraftheinz_ds3600\touchgfx\build\debug\obj\khlistrecordcontainerbase.obj
c:\touchgfxprojects\kraftheinz_ds3600\touchgfx\build\debug\obj\barcodefield_loc.obj
c:\touchgfxprojects\kraftheinz_ds3600\touchgfx\build\debug\obj\barcodefieldbase.obj
c:\touchgfxprojects\kraftheinz_ds3600\touchgfx\build\debug\obj\entdelimiterfield.obj
c:\touchgfxprojects\kraftheinz_ds3600\touchgfx\build\debug\obj\frontendapplication.obj
c:\touchgfxprojects\kraftheinz_ds3600\touchgfx\build\debug\obj\invtlistfield.obj
c:\touchgfxprojects\kraftheinz_ds3600\touchgfx\build\debug\obj\matchlistfield.obj
c:\touchgfxprojects\kraftheinz_ds3600\touchgfx\build\debug\obj\numberfield_loc.obj
c:\touchgfxprojects\kraftheinz_ds3600\touchgfx\build\debug\obj\snbackgndbase.obj
c:\touchgfxprojects\kraftheinz_ds3600\touchgfx\build\debug\obj\sncfgboolparampresenter.obj
c:\touchgfxprojects\kraftheinz_ds3600\touchgfx\build\debug\obj\sncfgmenuviewbase.obj
c:\touchgfxprojects\kraftheinz_ds3600\touchgfx\build\debug\obj\sncfgstringparampresenter.obj
c:\touchgfxprojects\kraftheinz_ds3600\touchgfx\build\debug\obj\snhomemenuviewbase.obj
c:\touchgfxprojects\kraftheinz_ds3600\touchgfx\build\debug\obj\snscanandentlocview.obj
c:\touchgfxprojects\kraftheinz_ds3600\touchgfx\build\debug\obj\snscaninventorypresenter.obj
c:\touchgfxprojects\kraftheinz_ds3600\touchgfx\build\debug\obj\snsplashviewbase.obj
c:\touchgfxprojects\kraftheinz_ds3600\touchgfx\build\debug\obj\texttoastbase.obj
c:\touchgfxprojects\kraftheinz_ds3600\touchgfx\build\debug\obj\wildcardedmenuitembase.obj
c:\touchgfxprojects\kraftheinz_ds3600\touchgfx\build\debug\obj\khlearnbarcodebase.obj
c:\touchgfxprojects\kraftheinz_ds3600\touchgfx\build\debug\obj\khsuccessbase.obj
c:\touchgfxprojects\kraftheinz_ds3600\touchgfx\build\debug\obj\khviewdatabase.obj
c:\touchgfxprojects\kraftheinz_ds3600\touchgfx\build\debug\obj\khsplashscreenbase.obj
c:\touchgfxprojects\kraftheinz_ds3600\touchgfx\build\debug\obj\vc142.pdb
c:\touchgfxprojects\kraftheinz_ds3600\touchgfx\build\debug\obj\font_robotocondensed_bold_20_4bpp_0.obj
c:\touchgfxprojects\kraftheinz_ds3600\touchgfx\build\debug\obj\font_robotocondensed_bold_20_4bpp_0.asm
c:\touchgfxprojects\kraftheinz_ds3600\touchgfx\build\debug\obj\font_robotocondensed_bold_48_4bpp_0.obj
c:\touchgfxprojects\kraftheinz_ds3600\touchgfx\build\debug\obj\font_robotocondensed_bold_48_4bpp_0.asm
c:\touchgfxprojects\kraftheinz_ds3600\touchgfx\build\debug\obj\font_robotocondensed_regular_36_4bpp_0.obj
c:\touchgfxprojects\kraftheinz_ds3600\touchgfx\build\debug\obj\font_robotocondensed_regular_36_4bpp_0.asm
c:\touchgfxprojects\kraftheinz_ds3600\touchgfx\build\debug\obj\kerning_robotocondensed_bold_32_4bpp.obj
c:\touchgfxprojects\kraftheinz_ds3600\touchgfx\build\debug\obj\kerning_robotocondensed_bold_32_4bpp.asm
c:\touchgfxprojects\kraftheinz_ds3600\touchgfx\build\debug\obj\kerning_robotocondensed_regular_36_4bpp.obj
c:\touchgfxprojects\kraftheinz_ds3600\touchgfx\build\debug\obj\kerning_robotocondensed_regular_36_4bpp.asm
c:\touchgfxprojects\kraftheinz_ds3600\touchgfx\build\debug\obj\table_robotocondensed_bold_32_4bpp.obj
c:\touchgfxprojects\kraftheinz_ds3600\touchgfx\build\debug\obj\table_robotocondensed_bold_32_4bpp.asm
c:\touchgfxprojects\kraftheinz_ds3600\touchgfx\build\debug\obj\table_robotomono_regular_26_4bpp.obj
c:\touchgfxprojects\kraftheinz_ds3600\touchgfx\build\debug\obj\table_robotomono_regular_26_4bpp.asm
c:\touchgfxprojects\kraftheinz_ds3600\touchgfx\build\debug\obj\image_battery-high-eol.obj
c:\touchgfxprojects\kraftheinz_ds3600\touchgfx\build\debug\obj\image_battery-high-eol.asm
c:\touchgfxprojects\kraftheinz_ds3600\touchgfx\build\debug\obj\image_battery-low5x.obj
c:\touchgfxprojects\kraftheinz_ds3600\touchgfx\build\debug\obj\image_battery-low5x.asm
c:\touchgfxprojects\kraftheinz_ds3600\touchgfx\build\debug\obj\image_battery-med3x.obj
c:\touchgfxprojects\kraftheinz_ds3600\touchgfx\build\debug\obj\image_battery-med3x.asm
c:\touchgfxprojects\kraftheinz_ds3600\touchgfx\build\debug\obj\image_home.obj
c:\touchgfxprojects\kraftheinz_ds3600\touchgfx\build\debug\obj\image_home.asm
c:\touchgfxprojects\kraftheinz_ds3600\touchgfx\build\debug\obj\image_mdi-arrow-back-selected.obj
c:\touchgfxprojects\kraftheinz_ds3600\touchgfx\build\debug\obj\image_mdi-arrow-back-selected.asm
c:\touchgfxprojects\kraftheinz_ds3600\touchgfx\build\debug\obj\image_radiooff.obj
c:\touchgfxprojects\kraftheinz_ds3600\touchgfx\build\debug\obj\image_radiooff.asm
c:\touchgfxprojects\kraftheinz_ds3600\touchgfx\build\debug\obj\languagegb.obj
c:\touchgfxprojects\kraftheinz_ds3600\touchgfx\build\debug\obj\languagegb.asm
c:\touchgfxprojects\kraftheinz_ds3600\touchgfx\build\debug\obj\font_robotocondensed_bold_26_4bpp_4.obj
c:\touchgfxprojects\kraftheinz_ds3600\touchgfx\build\debug\obj\font_robotocondensed_bold_26_4bpp_4.asm
c:\touchgfxprojects\kraftheinz_ds3600\touchgfx\build\debug\obj\font_robotocondensed_bold_40_4bpp_0.obj
c:\touchgfxprojects\kraftheinz_ds3600\touchgfx\build\debug\obj\font_robotocondensed_bold_40_4bpp_0.asm
c:\touchgfxprojects\kraftheinz_ds3600\touchgfx\build\debug\obj\font_robotomono_bold_40_4bpp_4.obj
c:\touchgfxprojects\kraftheinz_ds3600\touchgfx\build\debug\obj\font_robotomono_bold_40_4bpp_4.asm
c:\touchgfxprojects\kraftheinz_ds3600\touchgfx\build\debug\obj\generatedfont.obj
c:\touchgfxprojects\kraftheinz_ds3600\touchgfx\build\debug\obj\generatedfont.asm
c:\touchgfxprojects\kraftheinz_ds3600\touchgfx\build\debug\obj\kerning_robotocondensed_bold_48_4bpp.obj
c:\touchgfxprojects\kraftheinz_ds3600\touchgfx\build\debug\obj\kerning_robotocondensed_bold_48_4bpp.asm
c:\touchgfxprojects\kraftheinz_ds3600\touchgfx\build\debug\obj\kerning_robotomono_regular_26_4bpp.obj
c:\touchgfxprojects\kraftheinz_ds3600\touchgfx\build\debug\obj\kerning_robotomono_regular_26_4bpp.asm
c:\touchgfxprojects\kraftheinz_ds3600\touchgfx\build\debug\obj\table_robotocondensed_bold_48_4bpp.obj
c:\touchgfxprojects\kraftheinz_ds3600\touchgfx\build\debug\obj\table_robotocondensed_bold_48_4bpp.asm
c:\touchgfxprojects\kraftheinz_ds3600\touchgfx\build\debug\obj\table_robotomono_bold_40_4bpp.obj
c:\touchgfxprojects\kraftheinz_ds3600\touchgfx\build\debug\obj\table_robotomono_bold_40_4bpp.asm
c:\touchgfxprojects\kraftheinz_ds3600\touchgfx\build\debug\obj\image_battery-high.obj
c:\touchgfxprojects\kraftheinz_ds3600\touchgfx\build\debug\obj\image_battery-high.asm
c:\touchgfxprojects\kraftheinz_ds3600\touchgfx\build\debug\obj\image_battery-med-eol.obj
c:\touchgfxprojects\kraftheinz_ds3600\touchgfx\build\debug\obj\image_battery-med-eol.asm
c:\touchgfxprojects\kraftheinz_ds3600\touchgfx\build\debug\obj\image_battery-med-high3x.obj
c:\touchgfxprojects\kraftheinz_ds3600\touchgfx\build\debug\obj\image_battery-med-high3x.asm
c:\touchgfxprojects\kraftheinz_ds3600\touchgfx\build\debug\obj\image_bluetooth-alt.obj
c:\touchgfxprojects\kraftheinz_ds3600\touchgfx\build\debug\obj\image_bluetooth-alt.asm
c:\touchgfxprojects\kraftheinz_ds3600\touchgfx\build\debug\obj\image_check_active.obj
c:\touchgfxprojects\kraftheinz_ds3600\touchgfx\build\debug\obj\image_check_active.asm
c:\touchgfxprojects\kraftheinz_ds3600\touchgfx\build\debug\obj\image_mdi-arrow-back.obj
c:\touchgfxprojects\kraftheinz_ds3600\touchgfx\build\debug\obj\image_mdi-arrow-back.asm
c:\touchgfxprojects\kraftheinz_ds3600\touchgfx\build\debug\obj\image_shiftgreen.obj
c:\touchgfxprojects\kraftheinz_ds3600\touchgfx\build\debug\obj\image_shiftgreen.asm
c:\touchgfxprojects\kraftheinz_ds3600\touchgfx\build\debug\obj\texts.obj
c:\touchgfxprojects\kraftheinz_ds3600\touchgfx\build\debug\obj\texts.asm
c:\touchgfxprojects\kraftheinz_ds3600\touchgfx\build\debug\obj\font_robotocondensed_bold_26_4bpp_0.obj
c:\touchgfxprojects\kraftheinz_ds3600\touchgfx\build\debug\obj\font_robotocondensed_bold_26_4bpp_0.asm
c:\touchgfxprojects\kraftheinz_ds3600\touchgfx\build\debug\obj\font_robotocondensed_regular_32_4bpp_0.obj
c:\touchgfxprojects\kraftheinz_ds3600\touchgfx\build\debug\obj\font_robotocondensed_regular_32_4bpp_0.asm
c:\touchgfxprojects\kraftheinz_ds3600\touchgfx\build\debug\obj\font_robotomono_regular_32_4bpp_0.obj
c:\touchgfxprojects\kraftheinz_ds3600\touchgfx\build\debug\obj\font_robotomono_regular_32_4bpp_0.asm
c:\touchgfxprojects\kraftheinz_ds3600\touchgfx\build\debug\obj\kerning_robotocondensed_regular_18_4bpp.obj
c:\touchgfxprojects\kraftheinz_ds3600\touchgfx\build\debug\obj\kerning_robotocondensed_regular_18_4bpp.asm
c:\touchgfxprojects\kraftheinz_ds3600\touchgfx\build\debug\obj\kerning_robotomono_regular_32_4bpp.obj
c:\touchgfxprojects\kraftheinz_ds3600\touchgfx\build\debug\obj\kerning_robotomono_regular_32_4bpp.asm
c:\touchgfxprojects\kraftheinz_ds3600\touchgfx\build\debug\obj\table_robotocondensed_regular_18_4bpp.obj
c:\touchgfxprojects\kraftheinz_ds3600\touchgfx\build\debug\obj\table_robotocondensed_regular_18_4bpp.asm
c:\touchgfxprojects\kraftheinz_ds3600\touchgfx\build\debug\obj\table_robotomono_regular_32_4bpp.obj
c:\touchgfxprojects\kraftheinz_ds3600\touchgfx\build\debug\obj\table_robotomono_regular_32_4bpp.asm
c:\touchgfxprojects\kraftheinz_ds3600\touchgfx\build\debug\obj\image_battery-high3x.obj
c:\touchgfxprojects\kraftheinz_ds3600\touchgfx\build\debug\obj\image_battery-high3x.asm
c:\touchgfxprojects\kraftheinz_ds3600\touchgfx\build\debug\obj\image_battery-med-low.obj
c:\touchgfxprojects\kraftheinz_ds3600\touchgfx\build\debug\obj\image_battery-med-low.asm
c:\touchgfxprojects\kraftheinz_ds3600\touchgfx\build\debug\obj\image_battery-med5x.obj
c:\touchgfxprojects\kraftheinz_ds3600\touchgfx\build\debug\obj\image_battery-med5x.asm
c:\touchgfxprojects\kraftheinz_ds3600\touchgfx\build\debug\obj\image_left.obj
c:\touchgfxprojects\kraftheinz_ds3600\touchgfx\build\debug\obj\image_left.asm
c:\touchgfxprojects\kraftheinz_ds3600\touchgfx\build\debug\obj\image_minus_active.obj
c:\touchgfxprojects\kraftheinz_ds3600\touchgfx\build\debug\obj\image_minus_active.asm
c:\touchgfxprojects\kraftheinz_ds3600\touchgfx\build\debug\obj\image_up.obj
c:\touchgfxprojects\kraftheinz_ds3600\touchgfx\build\debug\obj\image_up.asm
c:\touchgfxprojects\kraftheinz_ds3600\touchgfx\build\debug\obj\font_robotocondensed_bold_32_4bpp_0.obj
c:\touchgfxprojects\kraftheinz_ds3600\touchgfx\build\debug\obj\font_robotocondensed_bold_32_4bpp_0.asm
c:\touchgfxprojects\kraftheinz_ds3600\touchgfx\build\debug\obj\font_robotocondensed_regular_18_4bpp_0.obj
c:\touchgfxprojects\kraftheinz_ds3600\touchgfx\build\debug\obj\font_robotocondensed_regular_18_4bpp_0.asm
c:\touchgfxprojects\kraftheinz_ds3600\touchgfx\build\debug\obj\font_robotocondensed_regular_32_4bpp_4.obj
c:\touchgfxprojects\kraftheinz_ds3600\touchgfx\build\debug\obj\font_robotocondensed_regular_32_4bpp_4.asm
c:\touchgfxprojects\kraftheinz_ds3600\touchgfx\build\debug\obj\font_robotomono_regular_26_4bpp_4.obj
c:\touchgfxprojects\kraftheinz_ds3600\touchgfx\build\debug\obj\font_robotomono_regular_26_4bpp_4.asm
c:\touchgfxprojects\kraftheinz_ds3600\touchgfx\build\debug\obj\kerning_robotocondensed_bold_26_4bpp.obj
c:\touchgfxprojects\kraftheinz_ds3600\touchgfx\build\debug\obj\kerning_robotocondensed_bold_26_4bpp.asm
c:\touchgfxprojects\kraftheinz_ds3600\touchgfx\build\debug\obj\kerning_robotocondensed_regular_32_4bpp.obj
c:\touchgfxprojects\kraftheinz_ds3600\touchgfx\build\debug\obj\kerning_robotocondensed_regular_32_4bpp.asm
c:\touchgfxprojects\kraftheinz_ds3600\touchgfx\build\debug\obj\table_robotocondensed_bold_26_4bpp.obj
c:\touchgfxprojects\kraftheinz_ds3600\touchgfx\build\debug\obj\table_robotocondensed_bold_26_4bpp.asm
c:\touchgfxprojects\kraftheinz_ds3600\touchgfx\build\debug\obj\table_robotocondensed_regular_32_4bpp.obj
c:\touchgfxprojects\kraftheinz_ds3600\touchgfx\build\debug\obj\table_robotocondensed_regular_32_4bpp.asm
c:\touchgfxprojects\kraftheinz_ds3600\touchgfx\build\debug\obj\image_barcode.obj
c:\touchgfxprojects\kraftheinz_ds3600\touchgfx\build\debug\obj\image_barcode.asm
c:\touchgfxprojects\kraftheinz_ds3600\touchgfx\build\debug\obj\image_battery-low3x.obj
c:\touchgfxprojects\kraftheinz_ds3600\touchgfx\build\debug\obj\image_battery-low3x.asm
c:\touchgfxprojects\kraftheinz_ds3600\touchgfx\build\debug\obj\image_battery-med-low5x.obj
c:\touchgfxprojects\kraftheinz_ds3600\touchgfx\build\debug\obj\image_battery-med-low5x.asm
c:\touchgfxprojects\kraftheinz_ds3600\touchgfx\build\debug\obj\image_exclamation_active.obj
c:\touchgfxprojects\kraftheinz_ds3600\touchgfx\build\debug\obj\image_exclamation_active.asm
c:\touchgfxprojects\kraftheinz_ds3600\touchgfx\build\debug\obj\image_nonbattery.obj
c:\touchgfxprojects\kraftheinz_ds3600\touchgfx\build\debug\obj\image_nonbattery.asm
c:\touchgfxprojects\kraftheinz_ds3600\touchgfx\build\debug\obj\image_right.obj
c:\touchgfxprojects\kraftheinz_ds3600\touchgfx\build\debug\obj\image_right.asm
c:\touchgfxprojects\kraftheinz_ds3600\touchgfx\build\debug\obj\image_white_dot_official.obj
c:\touchgfxprojects\kraftheinz_ds3600\touchgfx\build\debug\obj\image_white_dot_official.asm
c:\touchgfxprojects\kraftheinz_ds3600\touchgfx\build\debug\obj\applicationfontprovider.obj
c:\touchgfxprojects\kraftheinz_ds3600\touchgfx\build\debug\obj\applicationfontprovider.asm
c:\touchgfxprojects\kraftheinz_ds3600\touchgfx\build\debug\obj\font_robotocondensed_regular_26_4bpp_0.obj
c:\touchgfxprojects\kraftheinz_ds3600\touchgfx\build\debug\obj\font_robotocondensed_regular_26_4bpp_0.asm
c:\touchgfxprojects\kraftheinz_ds3600\touchgfx\build\debug\obj\font_robotomono_regular_26_4bpp_0.obj
c:\touchgfxprojects\kraftheinz_ds3600\touchgfx\build\debug\obj\font_robotomono_regular_26_4bpp_0.asm
c:\touchgfxprojects\kraftheinz_ds3600\touchgfx\build\debug\obj\kerning_robotocondensed_bold_24_4bpp.obj
c:\touchgfxprojects\kraftheinz_ds3600\touchgfx\build\debug\obj\kerning_robotocondensed_bold_24_4bpp.asm
c:\touchgfxprojects\kraftheinz_ds3600\touchgfx\build\debug\obj\kerning_robotocondensed_regular_26_4bpp.obj
c:\touchgfxprojects\kraftheinz_ds3600\touchgfx\build\debug\obj\kerning_robotocondensed_regular_26_4bpp.asm
c:\touchgfxprojects\kraftheinz_ds3600\touchgfx\build\debug\obj\table_robotocondensed_bold_24_4bpp.obj
c:\touchgfxprojects\kraftheinz_ds3600\touchgfx\build\debug\obj\table_robotocondensed_bold_24_4bpp.asm
c:\touchgfxprojects\kraftheinz_ds3600\touchgfx\build\debug\obj\table_robotocondensed_regular_26_4bpp.obj
c:\touchgfxprojects\kraftheinz_ds3600\touchgfx\build\debug\obj\table_robotocondensed_regular_26_4bpp.asm
c:\touchgfxprojects\kraftheinz_ds3600\touchgfx\build\debug\obj\bitmapdatabase.obj
c:\touchgfxprojects\kraftheinz_ds3600\touchgfx\build\debug\obj\bitmapdatabase.asm
c:\touchgfxprojects\kraftheinz_ds3600\touchgfx\build\debug\obj\image_battery-low-eol.obj
c:\touchgfxprojects\kraftheinz_ds3600\touchgfx\build\debug\obj\image_battery-low-eol.asm
c:\touchgfxprojects\kraftheinz_ds3600\touchgfx\build\debug\obj\image_battery-med-high-eol.obj
c:\touchgfxprojects\kraftheinz_ds3600\touchgfx\build\debug\obj\image_battery-med-high-eol.asm
c:\touchgfxprojects\kraftheinz_ds3600\touchgfx\build\debug\obj\image_battery-med-high5x.obj
c:\touchgfxprojects\kraftheinz_ds3600\touchgfx\build\debug\obj\image_battery-med-high5x.asm
c:\touchgfxprojects\kraftheinz_ds3600\touchgfx\build\debug\obj\image_blue_progressindicators_bg_large_progress_indicator_bg_square_0_degrees.obj
c:\touchgfxprojects\kraftheinz_ds3600\touchgfx\build\debug\obj\image_blue_progressindicators_bg_large_progress_indicator_bg_square_0_degrees.asm
c:\touchgfxprojects\kraftheinz_ds3600\touchgfx\build\debug\obj\image_down.obj
c:\touchgfxprojects\kraftheinz_ds3600\touchgfx\build\debug\obj\image_down.asm
c:\touchgfxprojects\kraftheinz_ds3600\touchgfx\build\debug\obj\image_location-active.obj
c:\touchgfxprojects\kraftheinz_ds3600\touchgfx\build\debug\obj\image_location-active.asm
c:\touchgfxprojects\kraftheinz_ds3600\touchgfx\build\debug\obj\image_preview.obj
c:\touchgfxprojects\kraftheinz_ds3600\touchgfx\build\debug\obj\image_preview.asm
c:\touchgfxprojects\kraftheinz_ds3600\touchgfx\build\debug\obj\cachedfont.obj
c:\touchgfxprojects\kraftheinz_ds3600\touchgfx\build\debug\obj\cachedfont.asm
c:\touchgfxprojects\kraftheinz_ds3600\touchgfx\build\debug\obj\font_robotocondensed_regular_26_4bpp_4.obj
c:\touchgfxprojects\kraftheinz_ds3600\touchgfx\build\debug\obj\font_robotocondensed_regular_26_4bpp_4.asm
c:\touchgfxprojects\kraftheinz_ds3600\touchgfx\build\debug\obj\font_robotocondensed_regular_36_4bpp_4.obj
c:\touchgfxprojects\kraftheinz_ds3600\touchgfx\build\debug\obj\font_robotocondensed_regular_36_4bpp_4.asm
c:\touchgfxprojects\kraftheinz_ds3600\touchgfx\build\debug\obj\font_robotomono_regular_32_4bpp_4.obj
c:\touchgfxprojects\kraftheinz_ds3600\touchgfx\build\debug\obj\font_robotomono_regular_32_4bpp_4.asm
c:\touchgfxprojects\kraftheinz_ds3600\touchgfx\build\debug\obj\kerning_robotocondensed_bold_20_4bpp.obj
c:\touchgfxprojects\kraftheinz_ds3600\touchgfx\build\debug\obj\kerning_robotocondensed_bold_20_4bpp.asm
c:\touchgfxprojects\kraftheinz_ds3600\touchgfx\build\debug\obj\kerning_robotocondensed_regular_24_4bpp.obj
c:\touchgfxprojects\kraftheinz_ds3600\touchgfx\build\debug\obj\kerning_robotocondensed_regular_24_4bpp.asm
c:\touchgfxprojects\kraftheinz_ds3600\touchgfx\build\debug\obj\table_robotocondensed_bold_20_4bpp.obj
c:\touchgfxprojects\kraftheinz_ds3600\touchgfx\build\debug\obj\table_robotocondensed_bold_20_4bpp.asm
c:\touchgfxprojects\kraftheinz_ds3600\touchgfx\build\debug\obj\table_robotocondensed_regular_24_4bpp.obj
c:\touchgfxprojects\kraftheinz_ds3600\touchgfx\build\debug\obj\table_robotocondensed_regular_24_4bpp.asm
c:\touchgfxprojects\kraftheinz_ds3600\touchgfx\build\debug\obj\image_barcode-active.obj
c:\touchgfxprojects\kraftheinz_ds3600\touchgfx\build\debug\obj\image_barcode-active.asm
c:\touchgfxprojects\kraftheinz_ds3600\touchgfx\build\debug\obj\image_battery-high5x.obj
c:\touchgfxprojects\kraftheinz_ds3600\touchgfx\build\debug\obj\image_battery-high5x.asm
c:\touchgfxprojects\kraftheinz_ds3600\touchgfx\build\debug\obj\image_battery-med-low3x.obj
c:\touchgfxprojects\kraftheinz_ds3600\touchgfx\build\debug\obj\image_battery-med-low3x.asm
c:\touchgfxprojects\kraftheinz_ds3600\touchgfx\build\debug\obj\image_focusradiooff.obj
c:\touchgfxprojects\kraftheinz_ds3600\touchgfx\build\debug\obj\image_focusradiooff.asm
c:\touchgfxprojects\kraftheinz_ds3600\touchgfx\build\debug\obj\image_minus.obj
c:\touchgfxprojects\kraftheinz_ds3600\touchgfx\build\debug\obj\image_minus.asm
c:\touchgfxprojects\kraftheinz_ds3600\touchgfx\build\debug\obj\image_splashlight.obj
c:\touchgfxprojects\kraftheinz_ds3600\touchgfx\build\debug\obj\image_splashlight.asm
c:\touchgfxprojects\kraftheinz_ds3600\touchgfx\build\debug\obj\fontcache.obj
c:\touchgfxprojects\kraftheinz_ds3600\touchgfx\build\debug\obj\fontcache.asm
c:\touchgfxprojects\kraftheinz_ds3600\touchgfx\build\debug\obj\image_focusradioon.obj
c:\touchgfxprojects\kraftheinz_ds3600\touchgfx\build\debug\obj\image_focusradioon.asm
c:\touchgfxprojects\kraftheinz_ds3600\touchgfx\build\debug\obj\image_location-on.obj
c:\touchgfxprojects\kraftheinz_ds3600\touchgfx\build\debug\obj\image_location-on.asm
c:\touchgfxprojects\kraftheinz_ds3600\touchgfx\build\debug\obj\image_radioon.obj
c:\touchgfxprojects\kraftheinz_ds3600\touchgfx\build\debug\obj\image_radioon.asm
c:\touchgfxprojects\kraftheinz_ds3600\touchgfx\build\debug\obj\image_blue_progressindicators_bg_medium_progress_indicator_bg_square_0_degrees.obj
c:\touchgfxprojects\kraftheinz_ds3600\touchgfx\build\debug\obj\image_blue_progressindicators_bg_medium_progress_indicator_bg_square_0_degrees.asm
c:\touchgfxprojects\kraftheinz_ds3600\touchgfx\build\debug\obj\font_robotocondensed_bold_24_4bpp_0.obj
c:\touchgfxprojects\kraftheinz_ds3600\touchgfx\build\debug\obj\font_robotocondensed_bold_24_4bpp_0.asm
c:\touchgfxprojects\kraftheinz_ds3600\touchgfx\build\debug\obj\font_robotocondensed_regular_24_4bpp_0.obj
c:\touchgfxprojects\kraftheinz_ds3600\touchgfx\build\debug\obj\font_robotocondensed_regular_24_4bpp_0.asm
c:\touchgfxprojects\kraftheinz_ds3600\touchgfx\build\debug\obj\font_robotomono_bold_40_4bpp_0.obj
c:\touchgfxprojects\kraftheinz_ds3600\touchgfx\build\debug\obj\font_robotomono_bold_40_4bpp_0.asm
c:\touchgfxprojects\kraftheinz_ds3600\touchgfx\build\debug\obj\kerning_robotocondensed_bold_40_4bpp.obj
c:\touchgfxprojects\kraftheinz_ds3600\touchgfx\build\debug\obj\kerning_robotocondensed_bold_40_4bpp.asm
c:\touchgfxprojects\kraftheinz_ds3600\touchgfx\build\debug\obj\kerning_robotomono_bold_40_4bpp.obj
c:\touchgfxprojects\kraftheinz_ds3600\touchgfx\build\debug\obj\kerning_robotomono_bold_40_4bpp.asm
c:\touchgfxprojects\kraftheinz_ds3600\touchgfx\build\debug\obj\table_robotocondensed_bold_40_4bpp.obj
c:\touchgfxprojects\kraftheinz_ds3600\touchgfx\build\debug\obj\table_robotocondensed_bold_40_4bpp.asm
c:\touchgfxprojects\kraftheinz_ds3600\touchgfx\build\debug\obj\table_robotocondensed_regular_36_4bpp.obj
c:\touchgfxprojects\kraftheinz_ds3600\touchgfx\build\debug\obj\table_robotocondensed_regular_36_4bpp.asm
c:\touchgfxprojects\kraftheinz_ds3600\touchgfx\build\debug\obj\image_batchon.obj
c:\touchgfxprojects\kraftheinz_ds3600\touchgfx\build\debug\obj\image_batchon.asm
c:\touchgfxprojects\kraftheinz_ds3600\touchgfx\build\debug\obj\image_battery-low.obj
c:\touchgfxprojects\kraftheinz_ds3600\touchgfx\build\debug\obj\image_battery-low.asm
c:\touchgfxprojects\kraftheinz_ds3600\touchgfx\build\debug\obj\image_battery-med-high.obj
c:\touchgfxprojects\kraftheinz_ds3600\touchgfx\build\debug\obj\image_battery-med-high.asm
c:\touchgfxprojects\kraftheinz_ds3600\touchgfx\build\debug\obj\image_battery-med-low-eol.obj
c:\touchgfxprojects\kraftheinz_ds3600\touchgfx\build\debug\obj\image_battery-med-low-eol.asm
c:\touchgfxprojects\kraftheinz_ds3600\touchgfx\build\debug\obj\image_battery-med.obj
c:\touchgfxprojects\kraftheinz_ds3600\touchgfx\build\debug\obj\image_battery-med.asm
c:\touchgfxprojects\kraftheinz_ds3600\touchgfx\build\debug\obj\image_bluetooth-alt-active.obj
c:\touchgfxprojects\kraftheinz_ds3600\touchgfx\build\debug\obj\image_bluetooth-alt-active.asm
c:\touchgfxprojects\kraftheinz_ds3600\touchgfx\build\debug\obj\image_check.obj
c:\touchgfxprojects\kraftheinz_ds3600\touchgfx\build\debug\obj\image_check.asm
c:\touchgfxprojects\kraftheinz_ds3600\touchgfx\build\debug\obj\image_exclamation.obj
c:\touchgfxprojects\kraftheinz_ds3600\touchgfx\build\debug\obj\image_exclamation.asm
c:\touchgfxprojects\kraftheinz_ds3600\touchgfx\build\debug\obj\image_location-hover.obj
c:\touchgfxprojects\kraftheinz_ds3600\touchgfx\build\debug\obj\image_location-hover.asm
c:\touchgfxprojects\kraftheinz_ds3600\touchgfx\build\debug\obj\image_shiftblue.obj
c:\touchgfxprojects\kraftheinz_ds3600\touchgfx\build\debug\obj\image_shiftblue.asm
c:\touchgfxprojects\kraftheinz_ds3600\touchgfx\build\debug\obj\typedtextdatabase.obj
c:\touchgfxprojects\kraftheinz_ds3600\touchgfx\build\debug\obj\typedtextdatabase.asm
c:\touchgfxprojects\kraftheinz_ds3600\touchgfx\build\debug\obj\touchgfx.res
c:\touchgfxprojects\kraftheinz_ds3600\touchgfx\build\debug\obj\vc142.idb
c:\touchgfxprojects\kraftheinz_ds3600\touchgfx\build\debug\obj\application.tlog\cl.10124.write.1.tlog
c:\touchgfxprojects\kraftheinz_ds3600\touchgfx\build\debug\obj\application.tlog\cl.command.1.tlog
c:\touchgfxprojects\kraftheinz_ds3600\touchgfx\build\debug\obj\application.tlog\cl.read.1.tlog
c:\touchgfxprojects\kraftheinz_ds3600\touchgfx\build\debug\obj\application.tlog\link.command.1.tlog
c:\touchgfxprojects\kraftheinz_ds3600\touchgfx\build\debug\obj\application.tlog\link.read.1.tlog
c:\touchgfxprojects\kraftheinz_ds3600\touchgfx\build\debug\obj\application.tlog\link.write.1.tlog
c:\touchgfxprojects\kraftheinz_ds3600\touchgfx\build\debug\obj\application.tlog\rc.command.1.tlog
c:\touchgfxprojects\kraftheinz_ds3600\touchgfx\build\debug\obj\application.tlog\rc.read.1.tlog
c:\touchgfxprojects\kraftheinz_ds3600\touchgfx\build\debug\obj\application.tlog\rc.write.1.tlog
