  Converting images
  Reading ./application.config
  Converting texts and fonts
  Creating compile items for all generated source files: ..\..\generated\fonts\src\ApplicationFontProvider.cpp;..\..\generated\fonts\src\CachedFont.cpp;..\..\generated\fonts\src\FontCache.cpp;..\..\generated\fonts\src\Font_RobotoCondensed_Bold_20_4bpp_0.cpp;..\..\generated\fonts\src\Font_RobotoCondensed_Bold_24_4bpp_0.cpp;..\..\generated\fonts\src\Font_RobotoCondensed_Bold_26_4bpp_0.cpp;..\..\generated\fonts\src\Font_RobotoCondensed_Bold_26_4bpp_4.cpp;..\..\generated\fonts\src\Font_RobotoCondensed_Bold_32_4bpp_0.cpp;..\..\generated\fonts\src\Font_RobotoCondensed_Bold_40_4bpp_0.cpp;..\..\generated\fonts\src\Font_RobotoCondensed_Bold_48_4bpp_0.cpp;..\..\generated\fonts\src\Font_RobotoCondensed_Regular_18_4bpp_0.cpp;..\..\generated\fonts\src\Font_RobotoCondensed_Regular_24_4bpp_0.cpp;..\..\generated\fonts\src\Font_RobotoCondensed_Regular_26_4bpp_0.cpp;..\..\generated\fonts\src\Font_RobotoCondensed_Regular_26_4bpp_4.cpp;..\..\generated\fonts\src\Font_RobotoCondensed_Regular_32_4bpp_0.cpp;..\..\generated\fonts\src\Font_RobotoCondensed_Regular_32_4bpp_4.cpp;..\..\generated\fonts\src\Font_RobotoCondensed_Regular_36_4bpp_0.cpp;..\..\generated\fonts\src\Font_RobotoCondensed_Regular_36_4bpp_4.cpp;..\..\generated\fonts\src\Font_RobotoMono_Bold_40_4bpp_0.cpp;..\..\generated\fonts\src\Font_RobotoMono_Bold_40_4bpp_4.cpp;..\..\generated\fonts\src\Font_RobotoMono_Regular_26_4bpp_0.cpp;..\..\generated\fonts\src\Font_RobotoMono_Regular_26_4bpp_4.cpp;..\..\generated\fonts\src\Font_RobotoMono_Regular_32_4bpp_0.cpp;..\..\generated\fonts\src\Font_RobotoMono_Regular_32_4bpp_4.cpp;..\..\generated\fonts\src\GeneratedFont.cpp;..\..\generated\fonts\src\Kerning_RobotoCondensed_Bold_20_4bpp.cpp;..\..\generated\fonts\src\Kerning_RobotoCondensed_Bold_24_4bpp.cpp;..\..\generated\fonts\src\Kerning_RobotoCondensed_Bold_26_4bpp.cpp;..\..\generated\fonts\src\Kerning_RobotoCondensed_Bold_32_4bpp.cpp;..\..\generated\fonts\src\Kerning_RobotoCondensed_Bold_40_4bpp.cpp;..\..\generated\fonts\src\Kerning_RobotoCondensed_Bold_48_4bpp.cpp;..\..\generated\fonts\src\Kerning_RobotoCondensed_Regular_18_4bpp.cpp;..\..\generated\fonts\src\Kerning_RobotoCondensed_Regular_24_4bpp.cpp;..\..\generated\fonts\src\Kerning_RobotoCondensed_Regular_26_4bpp.cpp;..\..\generated\fonts\src\Kerning_RobotoCondensed_Regular_32_4bpp.cpp;..\..\generated\fonts\src\Kerning_RobotoCondensed_Regular_36_4bpp.cpp;..\..\generated\fonts\src\Kerning_RobotoMono_Bold_40_4bpp.cpp;..\..\generated\fonts\src\Kerning_RobotoMono_Regular_26_4bpp.cpp;..\..\generated\fonts\src\Kerning_RobotoMono_Regular_32_4bpp.cpp;..\..\generated\fonts\src\Table_RobotoCondensed_Bold_20_4bpp.cpp;..\..\generated\fonts\src\Table_RobotoCondensed_Bold_24_4bpp.cpp;..\..\generated\fonts\src\Table_RobotoCondensed_Bold_26_4bpp.cpp;..\..\generated\fonts\src\Table_RobotoCondensed_Bold_32_4bpp.cpp;..\..\generated\fonts\src\Table_RobotoCondensed_Bold_40_4bpp.cpp;..\..\generated\fonts\src\Table_RobotoCondensed_Bold_48_4bpp.cpp;..\..\generated\fonts\src\Table_RobotoCondensed_Regular_18_4bpp.cpp;..\..\generated\fonts\src\Table_RobotoCondensed_Regular_24_4bpp.cpp;..\..\generated\fonts\src\Table_RobotoCondensed_Regular_26_4bpp.cpp;..\..\generated\fonts\src\Table_RobotoCondensed_Regular_32_4bpp.cpp;..\..\generated\fonts\src\Table_RobotoCondensed_Regular_36_4bpp.cpp;..\..\generated\fonts\src\Table_RobotoMono_Bold_40_4bpp.cpp;..\..\generated\fonts\src\Table_RobotoMono_Regular_26_4bpp.cpp;..\..\generated\fonts\src\Table_RobotoMono_Regular_32_4bpp.cpp;..\..\generated\images\src\BitmapDatabase.cpp;..\..\generated\images\src\image_Barcode-active.cpp;..\..\generated\images\src\image_Barcode.cpp;..\..\generated\images\src\image_BatchOn.cpp;..\..\generated\images\src\image_battery-high-eol.cpp;..\..\generated\images\src\image_battery-high.cpp;..\..\generated\images\src\image_battery-high3x.cpp;..\..\generated\images\src\image_battery-high5x.cpp;..\..\generated\images\src\image_battery-low-eol.cpp;..\..\generated\images\src\image_battery-low.cpp;..\..\generated\images\src\image_battery-low3x.cpp;..\..\generated\images\src\image_battery-low5x.cpp;..\..\generated\images\src\image_battery-med-eol.cpp;..\..\generated\images\src\image_battery-med-high-eol.cpp;..\..\generated\images\src\image_battery-med-high.cpp;..\..\generated\images\src\image_battery-med-high3x.cpp;..\..\generated\images\src\image_battery-med-high5x.cpp;..\..\generated\images\src\image_battery-med-low-eol.cpp;..\..\generated\images\src\image_battery-med-low.cpp;..\..\generated\images\src\image_battery-med-low3x.cpp;..\..\generated\images\src\image_battery-med-low5x.cpp;..\..\generated\images\src\image_battery-med.cpp;..\..\generated\images\src\image_battery-med3x.cpp;..\..\generated\images\src\image_battery-med5x.cpp;..\..\generated\images\src\image_bluetooth-alt-active.cpp;..\..\generated\images\src\image_bluetooth-alt.cpp;..\..\generated\images\src\image_Blue_ProgressIndicators_bg_large_progress_indicator_bg_square_0_degrees.cpp;..\..\generated\images\src\image_Check.cpp;..\..\generated\images\src\image_Check_Active.cpp;..\..\generated\images\src\image_Down.cpp;..\..\generated\images\src\image_Exclamation.cpp;..\..\generated\images\src\image_Exclamation_Active.cpp;..\..\generated\images\src\image_FocusRadioOff.cpp;..\..\generated\images\src\image_FocusRadioOn.cpp;..\..\generated\images\src\image_Home.cpp;..\..\generated\images\src\image_Left.cpp;..\..\generated\images\src\image_location-active.cpp;..\..\generated\images\src\image_location-hover.cpp;..\..\generated\images\src\image_location-on.cpp;..\..\generated\images\src\image_mdi-arrow-back-selected.cpp;..\..\generated\images\src\image_mdi-arrow-back.cpp;..\..\generated\images\src\image_Minus.cpp;..\..\generated\images\src\image_Minus_Active.cpp;..\..\generated\images\src\image_nonbattery.cpp;..\..\generated\images\src\image_PreView.cpp;..\..\generated\images\src\image_RadioOff.cpp;..\..\generated\images\src\image_RadioOn.cpp;..\..\generated\images\src\image_Right.cpp;..\..\generated\images\src\image_ShiftBlue.cpp;..\..\generated\images\src\image_ShiftGreen.cpp;..\..\generated\images\src\image_SplashLight.cpp;..\..\generated\images\src\image_Up.cpp;..\..\generated\images\src\image_white_dot_official.cpp;..\..\generated\images\src\__designer\image_Blue_ProgressIndicators_bg_medium_progress_indicator_bg_square_0_degrees.cpp;..\..\generated\texts\src\LanguageGb.cpp;..\..\generated\texts\src\Texts.cpp;..\..\generated\texts\src\TypedTextDatabase.cpp
  KHMainScreenView.cpp
C:\TouchGFXProjects\KraftHeinz_DS3600\TouchGFX\gui\include\gui\common\ConfigParam.hpp(174,29): warning C4267: 'return': conversion from 'size_t' to 'uint16_t', possible loss of data
C:\TouchGFXProjects\KraftHeinz_DS3600\TouchGFX\gui\include\gui\common\ConfigParam.hpp(185,17): warning C4267: 'initializing': conversion from 'size_t' to 'uint16_t', possible loss of data
C:\TouchGFXProjects\KraftHeinz_DS3600\TouchGFX\gui\include\gui\common\ConfigParam.hpp(223,17): warning C4267: 'initializing': conversion from 'size_t' to 'uint16_t', possible loss of data
C:\TouchGFXProjects\KraftHeinz_DS3600\TouchGFX\gui\src\khmainscreen_screen\KHMainScreenView.cpp(230,103): warning C4267: 'argument': conversion from 'size_t' to 'uint16_t', possible loss of data
C:\TouchGFXProjects\KraftHeinz_DS3600\TouchGFX\gui\src\khmainscreen_screen\KHMainScreenView.cpp(628,16): warning C4996: 'localtime': This function or variable may be unsafe. Consider using localtime_s instead. To disable deprecation, use _CRT_SECURE_NO_WARNINGS. See online help for details.
LINK : warning LNK4075: ignoring '/INCREMENTAL' due to '/FORCE' specification
SnBarcodeProgressView.obj : error LNK2001: unresolved external symbol "unsigned short temp_sendcount" (?temp_sendcount@@3GA)
SnScanAndEntQtyView.obj : error LNK2001: unresolved external symbol "unsigned short temp_sendcount" (?temp_sendcount@@3GA)
    Hint on symbols that are defined and could potentially match:
      _temp_sendcount
SnBarcodeProgressView.obj : error LNK2001: unresolved external symbol "int TransmitDecodeDataCompleteFlag" (?TransmitDecodeDataCompleteFlag@@3HA)
    Hint on symbols that are defined and could potentially match:
      _TransmitDecodeDataCompleteFlag
SnBarcodeProgressView.obj : error LNK2001: unresolved external symbol "bool manualEditBarcodeFlag" (?manualEditBarcodeFlag@@3_NA)
SnScanAndEntQtyView.obj : error LNK2001: unresolved external symbol "bool manualEditBarcodeFlag" (?manualEditBarcodeFlag@@3_NA)
    Hint on symbols that are defined and could potentially match:
      _manualEditBarcodeFlag
SnScanAndEntLocView.obj : error LNK2001: unresolved external symbol "unsigned int sample_multiple_data_size" (?sample_multiple_data_size@@3IA)
SnScanAndEntQtyView.obj : error LNK2001: unresolved external symbol "unsigned int sample_multiple_data_size" (?sample_multiple_data_size@@3IA)
    Hint on symbols that are defined and could potentially match:
      _sample_multiple_data_size
SnScanAndEntLocView.obj : error LNK2001: unresolved external symbol "bool sendLocbarcodeFlag" (?sendLocbarcodeFlag@@3_NA)
    Hint on symbols that are defined and could potentially match:
      _sendLocbarcodeFlag
SnScanAndEntQtyView.obj : error LNK2001: unresolved external symbol "unsigned int storeQty" (?storeQty@@3IA)
    Hint on symbols that are defined and could potentially match:
      "unsigned short storeQty" (?storeQty@@3GA)
..\..\build\Debug\bin\Application.exe : warning LNK4088: image being generated due to /FORCE option; image may not run
  Application.vcxproj -> C:\TouchGFXProjects\KraftHeinz_DS3600\TouchGFX\build\Debug\bin\Application.exe
